<?xml version="1.0" encoding="UTF-8" ?>
<testsuite tests="4" failures="3" name="tests.CadastroUsuarioSiteTest" time="100.241" errors="1" skipped="0">
  <properties>
[...]
</properties>
  <testcase classname="tests.CadastroUsuarioSiteTest" name="testAdicionarUmCadastrodeUsuario{senha=123456, telefone=(11)2222-3333, nascimento=13/12/1978, endereco=Rua Epaminondas Melo do Amara, numero=356, bairro=SÃ­tio Mandaqui, cpf=629.283.330-53, celular=(11)99999-8888, nome=Teste AutomaÃ§Ã£o, sexo=Feminino, email=teste6@teste.com.br, CEP=02542-000}" time="32.039">
    <failure message="expected:&lt;[Ã—]
Cliente criado com ...&gt; but was:&lt;[×]
Cliente criado com ...&gt;" type="org.junit.ComparisonFailure">org.junit.ComparisonFailure: expected:&lt;[Ã—]
Cliente criado com ...&gt; but was:&lt;[×]
Cliente criado com ...&gt;
	at org.junit.Assert.assertEquals(Assert.java:115)
	at org.junit.Assert.assertEquals(Assert.java:144)
	at tests.CadastroUsuarioSiteTest.testAdicionarUmCadastrodeUsuario(CadastroUsuarioSiteTest.java:139)
	at sun.reflect.NativeMethodAccessorImpl.invoke0(Native Method)
	at sun.reflect.NativeMethodAccessorImpl.invoke(NativeMethodAccessorImpl.java:62)
	at sun.reflect.DelegatingMethodAccessorImpl.invoke(DelegatingMethodAccessorImpl.java:43)
	at java.lang.reflect.Method.invoke(Method.java:498)
	at org.junit.runners.model.FrameworkMethod$1.runReflectiveCall(FrameworkMethod.java:50)
	at org.junit.internal.runners.model.ReflectiveCallable.run(ReflectiveCallable.java:12)
	at org.junit.runners.model.FrameworkMethod.invokeExplosively(FrameworkMethod.java:47)
	at org.easetech.easytest.runner.InternalParameterizedStatement.methodCompletesWithParameters(InternalParameterizedStatement.java:200)
	at org.easetech.easytest.runner.InternalParameterizedStatement.runWithCompleteAssignment(InternalParameterizedStatement.java:158)
	at org.easetech.easytest.runner.InternalParameterizedStatement.runWithAssignment(InternalParameterizedStatement.java:141)
	at org.easetech.easytest.runner.InternalParameterizedStatement.evaluate(InternalParameterizedStatement.java:99)
	at org.junit.internal.runners.statements.RunBefores.evaluate(RunBefores.java:26)
	at org.junit.internal.runners.statements.RunAfters.evaluate(RunAfters.java:27)
	at org.junit.rules.TestWatcher$1.evaluate(TestWatcher.java:55)
	at org.junit.rules.RunRules.evaluate(RunRules.java:20)
	at org.easetech.easytest.runner.DataDrivenTestRunner$1.evaluate(DataDrivenTestRunner.java:350)
	at org.junit.runners.ParentRunner.runLeaf(ParentRunner.java:325)
	at org.junit.runners.BlockJUnit4ClassRunner.runChild(BlockJUnit4ClassRunner.java:78)
	at org.junit.runners.BlockJUnit4ClassRunner.runChild(BlockJUnit4ClassRunner.java:57)
	at org.junit.runners.ParentRunner$3.run(ParentRunner.java:290)
	at org.easetech.easytest.strategy.SerialScheduler.schedule(SerialScheduler.java:16)
	at org.junit.runners.ParentRunner.runChildren(ParentRunner.java:288)
	at org.junit.runners.ParentRunner.access$000(ParentRunner.java:58)
	at org.junit.runners.ParentRunner$2.evaluate(ParentRunner.java:268)
	at org.easetech.easytest.util.RunAftersWithOutputData.evaluate(RunAftersWithOutputData.java:111)
	at org.junit.runners.ParentRunner.run(ParentRunner.java:363)
	at org.apache.maven.surefire.junit4.JUnit4Provider.execute(JUnit4Provider.java:252)
	at org.apache.maven.surefire.junit4.JUnit4Provider.executeTestSet(JUnit4Provider.java:141)
	at org.apache.maven.surefire.junit4.JUnit4Provider.invoke(JUnit4Provider.java:112)
	at sun.reflect.NativeMethodAccessorImpl.invoke0(Native Method)
	at sun.reflect.NativeMethodAccessorImpl.invoke(NativeMethodAccessorImpl.java:62)
	at sun.reflect.DelegatingMethodAccessorImpl.invoke(DelegatingMethodAccessorImpl.java:43)
	at java.lang.reflect.Method.invoke(Method.java:498)
	at org.apache.maven.surefire.util.ReflectionUtils.invokeMethodWithArray(ReflectionUtils.java:189)
	at org.apache.maven.surefire.booter.ProviderFactory$ProviderProxy.invoke(ProviderFactory.java:165)
	at org.apache.maven.surefire.booter.ProviderFactory.invokeProvider(ProviderFactory.java:85)
	at org.apache.maven.surefire.booter.ForkedBooter.runSuitesInProcess(ForkedBooter.java:115)
	at org.apache.maven.surefire.booter.ForkedBooter.main(ForkedBooter.java:75)
</failure>
    <system-err>log4j:WARN No appenders could be found for logger (org.easetech.easytest.loader.CSVDataLoader).
log4j:WARN Please initialize the log4j system properly.
Starting ChromeDriver 88.0.4324.27 (6347fe8bf1e48bd0c54d07dc55ca011cf40861c9-refs/branch-heads/4324@{#450}) on port 13147
Only local connections are allowed.
Please see https://chromedriver.chromium.org/security-considerations for suggestions on keeping ChromeDriver safe.
ChromeDriver was started successfully.
fev 09, 2021 6:58:03 PM org.openqa.selenium.remote.ProtocolHandshake createSession
INFORMAÇÕES: Detected dialect: W3C
</system-err>
  </testcase>
  <testcase classname="tests.CadastroUsuarioSiteTest" name="testeUsuarioExistente" time="20.028">
    <error message="stale element reference: element is not attached to the page document
  (Session info: chrome=88.0.4324.150)
For documentation on this error, please visit: http://seleniumhq.org/exceptions/stale_element_reference.html
Build info: version: &apos;3.6.0&apos;, revision: &apos;6fbf3ec767&apos;, time: &apos;2017-09-27T15:28:36.4Z&apos;
System info: host: &apos;NOTEHP-TATI&apos;, ip: &apos;192.168.0.14&apos;, os.name: &apos;Windows 10&apos;, os.arch: &apos;amd64&apos;, os.version: &apos;10.0&apos;, java.version: &apos;1.8.0_241&apos;
Driver info: org.openqa.selenium.chrome.ChromeDriver
Capabilities [{networkConnectionEnabled=false, chrome={chromedriverVersion=88.0.4324.27 (6347fe8bf1e48bd0c54d07dc55ca011cf40861c9-refs/branch-heads/4324@{#450}), userDataDir=C:\Users\tatia\AppData\Local\Temp\scoped_dir2260_15572482}, timeouts={implicit=0, pageLoad=300000, script=30000}, pageLoadStrategy=normal, unhandledPromptBehavior=dismiss and notify, strictFileInteractability=false, platform=WINDOWS, proxy=Proxy(), goog:chromeOptions={debuggerAddress=localhost:51862}, acceptInsecureCerts=false, browserVersion=88.0.4324.150, browserName=chrome, javascriptEnabled=true, platformName=WINDOWS, setWindowRect=true, webauthn:extension:largeBlob=true, webauthn:virtualAuthenticators=true}]
Session ID: f73a725ac8d3dae79f91f6b0582fec2f" type="org.openqa.selenium.StaleElementReferenceException">org.openqa.selenium.StaleElementReferenceException: stale element reference: element is not attached to the page document
  (Session info: chrome=88.0.4324.150)
For documentation on this error, please visit: http://seleniumhq.org/exceptions/stale_element_reference.html
Build info: version: &apos;3.6.0&apos;, revision: &apos;6fbf3ec767&apos;, time: &apos;2017-09-27T15:28:36.4Z&apos;
System info: host: &apos;NOTEHP-TATI&apos;, ip: &apos;192.168.0.14&apos;, os.name: &apos;Windows 10&apos;, os.arch: &apos;amd64&apos;, os.version: &apos;10.0&apos;, java.version: &apos;1.8.0_241&apos;
Driver info: org.openqa.selenium.chrome.ChromeDriver
Capabilities [{networkConnectionEnabled=false, chrome={chromedriverVersion=88.0.4324.27 (6347fe8bf1e48bd0c54d07dc55ca011cf40861c9-refs/branch-heads/4324@{#450}), userDataDir=C:\Users\tatia\AppData\Local\Temp\scoped_dir2260_15572482}, timeouts={implicit=0, pageLoad=300000, script=30000}, pageLoadStrategy=normal, unhandledPromptBehavior=dismiss and notify, strictFileInteractability=false, platform=WINDOWS, proxy=Proxy(), goog:chromeOptions={debuggerAddress=localhost:51862}, acceptInsecureCerts=false, browserVersion=88.0.4324.150, browserName=chrome, javascriptEnabled=true, platformName=WINDOWS, setWindowRect=true, webauthn:extension:largeBlob=true, webauthn:virtualAuthenticators=true}]
Session ID: f73a725ac8d3dae79f91f6b0582fec2f
	at sun.reflect.NativeConstructorAccessorImpl.newInstance0(Native Method)
	at sun.reflect.NativeConstructorAccessorImpl.newInstance(NativeConstructorAccessorImpl.java:62)
	at sun.reflect.DelegatingConstructorAccessorImpl.newInstance(DelegatingConstructorAccessorImpl.java:45)
	at java.lang.reflect.Constructor.newInstance(Constructor.java:423)
	at org.openqa.selenium.remote.http.W3CHttpResponseCodec.createException(W3CHttpResponseCodec.java:185)
	at org.openqa.selenium.remote.http.W3CHttpResponseCodec.decode(W3CHttpResponseCodec.java:120)
	at org.openqa.selenium.remote.http.W3CHttpResponseCodec.decode(W3CHttpResponseCodec.java:49)
	at org.openqa.selenium.remote.HttpCommandExecutor.execute(HttpCommandExecutor.java:164)
	at org.openqa.selenium.remote.service.DriverCommandExecutor.execute(DriverCommandExecutor.java:83)
	at org.openqa.selenium.remote.RemoteWebDriver.execute(RemoteWebDriver.java:586)
	at org.openqa.selenium.remote.RemoteWebElement.execute(RemoteWebElement.java:279)
	at org.openqa.selenium.remote.RemoteWebElement.getText(RemoteWebElement.java:160)
	at tests.CadastroUsuarioSiteTest.testeUsuarioExistente(CadastroUsuarioSiteTest.java:168)
	at sun.reflect.NativeMethodAccessorImpl.invoke0(Native Method)
	at sun.reflect.NativeMethodAccessorImpl.invoke(NativeMethodAccessorImpl.java:62)
	at sun.reflect.DelegatingMethodAccessorImpl.invoke(DelegatingMethodAccessorImpl.java:43)
	at java.lang.reflect.Method.invoke(Method.java:498)
	at org.junit.runners.model.FrameworkMethod$1.runReflectiveCall(FrameworkMethod.java:50)
	at org.junit.internal.runners.model.ReflectiveCallable.run(ReflectiveCallable.java:12)
	at org.junit.runners.model.FrameworkMethod.invokeExplosively(FrameworkMethod.java:47)
	at org.easetech.easytest.runner.InternalParameterizedStatement.methodCompletesWithParameters(InternalParameterizedStatement.java:200)
	at org.easetech.easytest.runner.InternalParameterizedStatement.runWithCompleteAssignment(InternalParameterizedStatement.java:158)
	at org.easetech.easytest.runner.InternalParameterizedStatement.runWithAssignment(InternalParameterizedStatement.java:141)
	at org.easetech.easytest.runner.InternalParameterizedStatement.evaluate(InternalParameterizedStatement.java:99)
	at org.junit.internal.runners.statements.RunBefores.evaluate(RunBefores.java:26)
	at org.junit.internal.runners.statements.RunAfters.evaluate(RunAfters.java:27)
	at org.junit.rules.TestWatcher$1.evaluate(TestWatcher.java:55)
	at org.junit.rules.RunRules.evaluate(RunRules.java:20)
	at org.easetech.easytest.runner.DataDrivenTestRunner$1.evaluate(DataDrivenTestRunner.java:350)
	at org.junit.runners.ParentRunner.runLeaf(ParentRunner.java:325)
	at org.junit.runners.BlockJUnit4ClassRunner.runChild(BlockJUnit4ClassRunner.java:78)
	at org.junit.runners.BlockJUnit4ClassRunner.runChild(BlockJUnit4ClassRunner.java:57)
	at org.junit.runners.ParentRunner$3.run(ParentRunner.java:290)
	at org.easetech.easytest.strategy.SerialScheduler.schedule(SerialScheduler.java:16)
	at org.junit.runners.ParentRunner.runChildren(ParentRunner.java:288)
	at org.junit.runners.ParentRunner.access$000(ParentRunner.java:58)
	at org.junit.runners.ParentRunner$2.evaluate(ParentRunner.java:268)
	at org.easetech.easytest.util.RunAftersWithOutputData.evaluate(RunAftersWithOutputData.java:111)
	at org.junit.runners.ParentRunner.run(ParentRunner.java:363)
	at org.apache.maven.surefire.junit4.JUnit4Provider.execute(JUnit4Provider.java:252)
	at org.apache.maven.surefire.junit4.JUnit4Provider.executeTestSet(JUnit4Provider.java:141)
	at org.apache.maven.surefire.junit4.JUnit4Provider.invoke(JUnit4Provider.java:112)
	at sun.reflect.NativeMethodAccessorImpl.invoke0(Native Method)
	at sun.reflect.NativeMethodAccessorImpl.invoke(NativeMethodAccessorImpl.java:62)
	at sun.reflect.DelegatingMethodAccessorImpl.invoke(DelegatingMethodAccessorImpl.java:43)
	at java.lang.reflect.Method.invoke(Method.java:498)
	at org.apache.maven.surefire.util.ReflectionUtils.invokeMethodWithArray(ReflectionUtils.java:189)
	at org.apache.maven.surefire.booter.ProviderFactory$ProviderProxy.invoke(ProviderFactory.java:165)
	at org.apache.maven.surefire.booter.ProviderFactory.invokeProvider(ProviderFactory.java:85)
	at org.apache.maven.surefire.booter.ForkedBooter.runSuitesInProcess(ForkedBooter.java:115)
	at org.apache.maven.surefire.booter.ForkedBooter.main(ForkedBooter.java:75)
</error>
    <system-err>Starting ChromeDriver 88.0.4324.27 (6347fe8bf1e48bd0c54d07dc55ca011cf40861c9-refs/branch-heads/4324@{#450}) on port 6804
Only local connections are allowed.
Please see https://chromedriver.chromium.org/security-considerations for suggestions on keeping ChromeDriver safe.
ChromeDriver was started successfully.
fev 09, 2021 6:58:31 PM org.openqa.selenium.remote.ProtocolHandshake createSession
INFORMAÇÕES: Detected dialect: W3C
fev 09, 2021 6:58:48 PM org.openqa.selenium.remote.ErrorCodes toStatus
INFORMAÇÕES: HTTP Status: &apos;404&apos; -&gt; incorrect JSON status mapping for &apos;stale element reference&apos; (400 expected)
</system-err>
  </testcase>
  <testcase classname="tests.CadastroUsuarioSiteTest" name="testeUsuarioBloqueado" time="24.079">
    <failure message="expected:&lt;[Ã—
O email teste2@teste.com.br foi bloqueado em nossa loja. Caso queira utilizÃ¡-lo novamente, solicite o desbloqueio atravÃ©]s do Fale Conosco.&gt; but was:&lt;[×
O email teste2@teste.com.br foi bloqueado em nossa loja. Caso queira utilizá-lo novamente, solicite o desbloqueio atravé]s do Fale Conosco.&gt;" type="org.junit.ComparisonFailure">org.junit.ComparisonFailure: expected:&lt;[Ã—
O email teste2@teste.com.br foi bloqueado em nossa loja. Caso queira utilizÃ¡-lo novamente, solicite o desbloqueio atravÃ©]s do Fale Conosco.&gt; but was:&lt;[×
O email teste2@teste.com.br foi bloqueado em nossa loja. Caso queira utilizá-lo novamente, solicite o desbloqueio atravé]s do Fale Conosco.&gt;
	at org.junit.Assert.assertEquals(Assert.java:115)
	at org.junit.Assert.assertEquals(Assert.java:144)
	at tests.CadastroUsuarioSiteTest.testeUsuarioBloqueado(CadastroUsuarioSiteTest.java:199)
	at sun.reflect.NativeMethodAccessorImpl.invoke0(Native Method)
	at sun.reflect.NativeMethodAccessorImpl.invoke(NativeMethodAccessorImpl.java:62)
	at sun.reflect.DelegatingMethodAccessorImpl.invoke(DelegatingMethodAccessorImpl.java:43)
	at java.lang.reflect.Method.invoke(Method.java:498)
	at org.junit.runners.model.FrameworkMethod$1.runReflectiveCall(FrameworkMethod.java:50)
	at org.junit.internal.runners.model.ReflectiveCallable.run(ReflectiveCallable.java:12)
	at org.junit.runners.model.FrameworkMethod.invokeExplosively(FrameworkMethod.java:47)
	at org.easetech.easytest.runner.InternalParameterizedStatement.methodCompletesWithParameters(InternalParameterizedStatement.java:200)
	at org.easetech.easytest.runner.InternalParameterizedStatement.runWithCompleteAssignment(InternalParameterizedStatement.java:158)
	at org.easetech.easytest.runner.InternalParameterizedStatement.runWithAssignment(InternalParameterizedStatement.java:141)
	at org.easetech.easytest.runner.InternalParameterizedStatement.evaluate(InternalParameterizedStatement.java:99)
	at org.junit.internal.runners.statements.RunBefores.evaluate(RunBefores.java:26)
	at org.junit.internal.runners.statements.RunAfters.evaluate(RunAfters.java:27)
	at org.junit.rules.TestWatcher$1.evaluate(TestWatcher.java:55)
	at org.junit.rules.RunRules.evaluate(RunRules.java:20)
	at org.easetech.easytest.runner.DataDrivenTestRunner$1.evaluate(DataDrivenTestRunner.java:350)
	at org.junit.runners.ParentRunner.runLeaf(ParentRunner.java:325)
	at org.junit.runners.BlockJUnit4ClassRunner.runChild(BlockJUnit4ClassRunner.java:78)
	at org.junit.runners.BlockJUnit4ClassRunner.runChild(BlockJUnit4ClassRunner.java:57)
	at org.junit.runners.ParentRunner$3.run(ParentRunner.java:290)
	at org.easetech.easytest.strategy.SerialScheduler.schedule(SerialScheduler.java:16)
	at org.junit.runners.ParentRunner.runChildren(ParentRunner.java:288)
	at org.junit.runners.ParentRunner.access$000(ParentRunner.java:58)
	at org.junit.runners.ParentRunner$2.evaluate(ParentRunner.java:268)
	at org.easetech.easytest.util.RunAftersWithOutputData.evaluate(RunAftersWithOutputData.java:111)
	at org.junit.runners.ParentRunner.run(ParentRunner.java:363)
	at org.apache.maven.surefire.junit4.JUnit4Provider.execute(JUnit4Provider.java:252)
	at org.apache.maven.surefire.junit4.JUnit4Provider.executeTestSet(JUnit4Provider.java:141)
	at org.apache.maven.surefire.junit4.JUnit4Provider.invoke(JUnit4Provider.java:112)
	at sun.reflect.NativeMethodAccessorImpl.invoke0(Native Method)
	at sun.reflect.NativeMethodAccessorImpl.invoke(NativeMethodAccessorImpl.java:62)
	at sun.reflect.DelegatingMethodAccessorImpl.invoke(DelegatingMethodAccessorImpl.java:43)
	at java.lang.reflect.Method.invoke(Method.java:498)
	at org.apache.maven.surefire.util.ReflectionUtils.invokeMethodWithArray(ReflectionUtils.java:189)
	at org.apache.maven.surefire.booter.ProviderFactory$ProviderProxy.invoke(ProviderFactory.java:165)
	at org.apache.maven.surefire.booter.ProviderFactory.invokeProvider(ProviderFactory.java:85)
	at org.apache.maven.surefire.booter.ForkedBooter.runSuitesInProcess(ForkedBooter.java:115)
	at org.apache.maven.surefire.booter.ForkedBooter.main(ForkedBooter.java:75)
</failure>
    <system-err>Starting ChromeDriver 88.0.4324.27 (6347fe8bf1e48bd0c54d07dc55ca011cf40861c9-refs/branch-heads/4324@{#450}) on port 41789
Only local connections are allowed.
Please see https://chromedriver.chromium.org/security-considerations for suggestions on keeping ChromeDriver safe.
ChromeDriver was started successfully.
fev 09, 2021 6:58:51 PM org.openqa.selenium.remote.ProtocolHandshake createSession
INFORMAÇÕES: Detected dialect: W3C
</system-err>
  </testcase>
  <testcase classname="tests.CadastroUsuarioSiteTest" name="tests.CadastroUsuarioSiteTest" time="24.095">
    <failure message="testAdicionarUmCadastrodeUsuario(TestInfo [testClass=org.junit.runners.model.TestClass@69663380, dataLoader=org.easetech.easytest.loader.CSVDataLoader@1c5920df, filePaths=[CadastroUsuarioSite.csv], methodName=testAdicionarUmCadastrodeUsuario])" type="org.junit.experimental.theories.internal.ParameterizedAssertionError">org.junit.experimental.theories.internal.ParameterizedAssertionError: testAdicionarUmCadastrodeUsuario(TestInfo [testClass=org.junit.runners.model.TestClass@69663380, dataLoader=org.easetech.easytest.loader.CSVDataLoader@1c5920df, filePaths=[CadastroUsuarioSite.csv], methodName=testAdicionarUmCadastrodeUsuario])
	at org.easetech.easytest.util.RunAftersWithOutputData.writeData(RunAftersWithOutputData.java:157)
	at org.easetech.easytest.util.RunAftersWithOutputData.evaluate(RunAftersWithOutputData.java:133)
	at org.junit.runners.ParentRunner.run(ParentRunner.java:363)
	at org.apache.maven.surefire.junit4.JUnit4Provider.execute(JUnit4Provider.java:252)
	at org.apache.maven.surefire.junit4.JUnit4Provider.executeTestSet(JUnit4Provider.java:141)
	at org.apache.maven.surefire.junit4.JUnit4Provider.invoke(JUnit4Provider.java:112)
	at sun.reflect.NativeMethodAccessorImpl.invoke0(Native Method)
	at sun.reflect.NativeMethodAccessorImpl.invoke(NativeMethodAccessorImpl.java:62)
	at sun.reflect.DelegatingMethodAccessorImpl.invoke(DelegatingMethodAccessorImpl.java:43)
	at java.lang.reflect.Method.invoke(Method.java:498)
	at org.apache.maven.surefire.util.ReflectionUtils.invokeMethodWithArray(ReflectionUtils.java:189)
	at org.apache.maven.surefire.booter.ProviderFactory$ProviderProxy.invoke(ProviderFactory.java:165)
	at org.apache.maven.surefire.booter.ProviderFactory.invokeProvider(ProviderFactory.java:85)
	at org.apache.maven.surefire.booter.ForkedBooter.runSuitesInProcess(ForkedBooter.java:115)
	at org.apache.maven.surefire.booter.ForkedBooter.main(ForkedBooter.java:75)
Caused by: java.lang.RuntimeException: java.lang.NullPointerException
	at org.easetech.easytest.loader.CSVDataLoader.writeDataToCSV(CSVDataLoader.java:364)
	at org.easetech.easytest.loader.CSVDataLoader.writeData(CSVDataLoader.java:180)
	at org.easetech.easytest.util.RunAftersWithOutputData.writeData(RunAftersWithOutputData.java:154)
	... 14 more
Caused by: java.lang.NullPointerException
	at org.easetech.easytest.loader.CSVDataLoader.writeOutputData(CSVDataLoader.java:382)
	at org.easetech.easytest.loader.CSVDataLoader.writeDataToCSV(CSVDataLoader.java:347)
	... 16 more
</failure>
  </testcase>
</testsuite>